2016-12-10 23:55:46,232 [Worker-76] INFO  o.e.m.c.i.l.LifecycleMappingFactory - Using org.maven.ide.eclipse.wtp.WarLifecycleMapping lifecycle mapping for MavenProject: com.algaworks:brewer:1.0.0-SNAPSHOT @ C:\Users\Blackout\workspace\desenvolvimento-web-spring\brewer\pom.xml.
2016-12-10 23:55:47,486 [Worker-76] INFO  o.e.m.j.i.AbstractJavaProjectConfigurator - Adding source folder /brewer/src/main/java
2016-12-10 23:55:47,488 [Worker-76] INFO  o.e.m.j.i.AbstractJavaProjectConfigurator - Adding resource folder /brewer/src/main/resources
2016-12-10 23:55:47,488 [Worker-76] INFO  o.e.m.j.i.AbstractJavaProjectConfigurator - Adding source folder /brewer/src/test/java
2016-12-10 23:55:47,489 [Worker-76] INFO  o.e.m.j.i.AbstractJavaProjectConfigurator - Adding resource folder /brewer/src/test/resources
2016-12-10 23:56:40,469 [Worker-78] INFO  o.e.m.c.i.l.LifecycleMappingFactory - Using org.maven.ide.eclipse.wtp.WarLifecycleMapping lifecycle mapping for MavenProject: com.algaworks:brewer:1.0.0-SNAPSHOT @ C:\Users\Blackout\workspace\desenvolvimento-web-spring\brewer\pom.xml.
2016-12-10 23:56:40,805 [Worker-78] INFO  o.e.m.w.i.f.ResourceFilteringBuildParticipant - Cleaning filtered folder for brewer
2016-12-10 23:56:41,731 [Worker-76] WARN  o.e.m.c.i.embedder.EclipseLogger - Using platform encoding (Cp1252 actually) to copy filtered resources, i.e. build is platform dependent!
2016-12-10 23:56:41,741 [Worker-76] INFO  o.e.m.c.i.embedder.EclipseLogger - Copying 0 resource
2016-12-10 23:56:41,743 [Worker-76] WARN  o.e.m.c.i.embedder.EclipseLogger - Using platform encoding (Cp1252 actually) to copy filtered resources, i.e. build is platform dependent!
2016-12-10 23:56:41,749 [Worker-76] INFO  o.e.m.c.i.embedder.EclipseLogger - Copying 0 resource
2016-12-10 23:56:41,750 [Worker-76] INFO  o.e.m.w.i.f.ResourceFilteringBuildParticipant - Changed resources require a complete clean of filtered resources of brewer
2016-12-10 23:56:41,750 [Worker-76] INFO  o.e.m.w.i.f.ResourceFilteringBuildParticipant - Executing resource filtering for brewer
2016-12-10 23:56:41,756 [Worker-76] WARN  o.e.m.c.i.embedder.EclipseLogger - Using platform encoding (Cp1252 actually) to copy filtered resources, i.e. build is platform dependent!
2016-12-11 00:01:59,727 [Worker-86] INFO  o.e.m.c.i.p.ProjectConfigurationManager - Update started
2016-12-11 00:01:59,993 [Worker-86] INFO  o.e.m.c.i.l.LifecycleMappingFactory - Using org.maven.ide.eclipse.wtp.WarLifecycleMapping lifecycle mapping for MavenProject: com.algaworks:brewer:1.0.0-SNAPSHOT @ C:\Users\Blackout\workspace\desenvolvimento-web-spring\brewer\pom.xml.
2016-12-11 00:02:00,310 [Worker-86] INFO  o.e.m.j.i.AbstractJavaProjectConfigurator - Adding source folder /brewer/src/main/java
2016-12-11 00:02:00,311 [Worker-86] INFO  o.e.m.j.i.AbstractJavaProjectConfigurator - Adding resource folder /brewer/src/main/resources
2016-12-11 00:02:00,311 [Worker-86] INFO  o.e.m.j.i.AbstractJavaProjectConfigurator - Adding source folder /brewer/src/test/java
2016-12-11 00:02:00,311 [Worker-86] INFO  o.e.m.j.i.AbstractJavaProjectConfigurator - Adding resource folder /brewer/src/test/resources
2016-12-11 00:02:00,563 [Worker-86] INFO  o.e.m.w.i.f.ResourceFilteringBuildParticipant - Cleaning filtered folder for brewer
2016-12-11 00:02:00,569 [Worker-86] INFO  o.e.m.c.i.p.ProjectConfigurationManager - Update completed: 0 sec
2016-12-11 00:02:14,838 [Worker-87] INFO  o.e.m.c.i.p.ProjectConfigurationManager - Update started
2016-12-11 00:02:15,355 [Worker-87] INFO  o.e.m.c.i.l.LifecycleMappingFactory - Using org.maven.ide.eclipse.wtp.WarLifecycleMapping lifecycle mapping for MavenProject: com.algaworks:brewer:1.0.0-SNAPSHOT @ C:\Users\Blackout\workspace\desenvolvimento-web-spring\brewer\pom.xml.
2016-12-11 00:02:15,729 [Worker-87] INFO  o.e.m.j.i.AbstractJavaProjectConfigurator - Adding source folder /brewer/src/main/java
2016-12-11 00:02:15,733 [Worker-87] INFO  o.e.m.j.i.AbstractJavaProjectConfigurator - Adding resource folder /brewer/src/main/resources
2016-12-11 00:02:15,754 [Worker-87] INFO  o.e.m.j.i.AbstractJavaProjectConfigurator - Adding source folder /brewer/src/test/java
2016-12-11 00:02:15,754 [Worker-87] INFO  o.e.m.j.i.AbstractJavaProjectConfigurator - Adding resource folder /brewer/src/test/resources
2016-12-11 00:02:16,003 [Worker-87] INFO  o.e.m.w.i.f.ResourceFilteringBuildParticipant - Cleaning filtered folder for brewer
2016-12-11 00:02:16,007 [Worker-87] INFO  o.e.m.c.i.p.ProjectConfigurationManager - Update completed: 1 sec
2016-12-11 00:02:16,535 [Worker-86] INFO  o.e.m.c.i.embedder.EclipseLogger - Using 'UTF-8' encoding to copy filtered resources.
2016-12-11 00:02:16,536 [Worker-86] INFO  o.e.m.c.i.embedder.EclipseLogger - Copying 0 resource
2016-12-11 00:02:16,541 [Worker-86] INFO  o.e.m.c.i.embedder.EclipseLogger - Using 'UTF-8' encoding to copy filtered resources.
2016-12-11 00:02:16,541 [Worker-86] INFO  o.e.m.c.i.embedder.EclipseLogger - Copying 0 resource
2016-12-11 00:02:16,541 [Worker-86] INFO  o.e.m.w.i.f.ResourceFilteringBuildParticipant - Changed resources require a complete clean of filtered resources of brewer
2016-12-11 00:02:16,541 [Worker-86] INFO  o.e.m.w.i.f.ResourceFilteringBuildParticipant - Executing resource filtering for brewer
2016-12-11 00:02:16,548 [Worker-86] INFO  o.e.m.c.i.embedder.EclipseLogger - Using 'UTF-8' encoding to copy filtered resources.
2016-12-11 00:22:28,610 [Worker-95] INFO  o.e.m.c.i.p.ProjectConfigurationManager - Update started
2016-12-11 00:22:29,610 [Worker-95] INFO  o.e.m.c.i.e.AbstractTransferListenerAdapter - Downloading https://repo.maven.apache.org/maven2/org/springframework/spring-framework-bom/4.3.0.RELEASE/spring-framework-bom-4.3.0.RELEASE.pom
2016-12-11 00:22:29,755 [Worker-95] INFO  o.e.m.c.i.e.AbstractTransferListenerAdapter - Downloaded https://repo.maven.apache.org/maven2/org/springframework/spring-framework-bom/4.3.0.RELEASE/spring-framework-bom-4.3.0.RELEASE.pom
2016-12-11 00:22:29,984 [Worker-95] INFO  o.e.m.c.i.l.LifecycleMappingFactory - Using org.maven.ide.eclipse.wtp.WarLifecycleMapping lifecycle mapping for MavenProject: com.algaworks:brewer:1.0.0-SNAPSHOT @ C:\Users\Blackout\workspace\desenvolvimento-web-spring\brewer\pom.xml.
2016-12-11 00:22:30,131 [Worker-95] INFO  o.e.m.c.i.e.AbstractTransferListenerAdapter - Downloading https://repo.maven.apache.org/maven2/org/springframework/spring-webmvc/4.3.0.RELEASE/spring-webmvc-4.3.0.RELEASE.pom
2016-12-11 00:22:30,321 [Worker-95] INFO  o.e.m.c.i.e.AbstractTransferListenerAdapter - Downloaded https://repo.maven.apache.org/maven2/org/springframework/spring-webmvc/4.3.0.RELEASE/spring-webmvc-4.3.0.RELEASE.pom
2016-12-11 00:22:30,469 [Worker-95] INFO  o.e.m.c.i.e.AbstractTransferListenerAdapter - Downloading https://repo.maven.apache.org/maven2/org/springframework/spring-aop/4.3.0.RELEASE/spring-aop-4.3.0.RELEASE.pom
2016-12-11 00:22:30,620 [Worker-95] INFO  o.e.m.c.i.e.AbstractTransferListenerAdapter - Downloaded https://repo.maven.apache.org/maven2/org/springframework/spring-aop/4.3.0.RELEASE/spring-aop-4.3.0.RELEASE.pom
2016-12-11 00:22:30,777 [Worker-95] INFO  o.e.m.c.i.e.AbstractTransferListenerAdapter - Downloading https://repo.maven.apache.org/maven2/org/springframework/spring-beans/4.3.0.RELEASE/spring-beans-4.3.0.RELEASE.pom
2016-12-11 00:22:30,930 [Worker-95] INFO  o.e.m.c.i.e.AbstractTransferListenerAdapter - Downloaded https://repo.maven.apache.org/maven2/org/springframework/spring-beans/4.3.0.RELEASE/spring-beans-4.3.0.RELEASE.pom
2016-12-11 00:22:31,071 [Worker-95] INFO  o.e.m.c.i.e.AbstractTransferListenerAdapter - Downloading https://repo.maven.apache.org/maven2/org/springframework/spring-core/4.3.0.RELEASE/spring-core-4.3.0.RELEASE.pom
2016-12-11 00:22:31,221 [Worker-95] INFO  o.e.m.c.i.e.AbstractTransferListenerAdapter - Downloaded https://repo.maven.apache.org/maven2/org/springframework/spring-core/4.3.0.RELEASE/spring-core-4.3.0.RELEASE.pom
2016-12-11 00:22:31,396 [Worker-95] INFO  o.e.m.c.i.e.AbstractTransferListenerAdapter - Downloading https://repo.maven.apache.org/maven2/org/springframework/spring-context/4.3.0.RELEASE/spring-context-4.3.0.RELEASE.pom
2016-12-11 00:22:31,551 [Worker-95] INFO  o.e.m.c.i.e.AbstractTransferListenerAdapter - Downloaded https://repo.maven.apache.org/maven2/org/springframework/spring-context/4.3.0.RELEASE/spring-context-4.3.0.RELEASE.pom
2016-12-11 00:22:31,694 [Worker-95] INFO  o.e.m.c.i.e.AbstractTransferListenerAdapter - Downloading https://repo.maven.apache.org/maven2/org/springframework/spring-expression/4.3.0.RELEASE/spring-expression-4.3.0.RELEASE.pom
2016-12-11 00:22:31,850 [Worker-95] INFO  o.e.m.c.i.e.AbstractTransferListenerAdapter - Downloaded https://repo.maven.apache.org/maven2/org/springframework/spring-expression/4.3.0.RELEASE/spring-expression-4.3.0.RELEASE.pom
2016-12-11 00:22:31,993 [Worker-95] INFO  o.e.m.c.i.e.AbstractTransferListenerAdapter - Downloading https://repo.maven.apache.org/maven2/org/springframework/spring-web/4.3.0.RELEASE/spring-web-4.3.0.RELEASE.pom
2016-12-11 00:22:32,147 [Worker-95] INFO  o.e.m.c.i.e.AbstractTransferListenerAdapter - Downloaded https://repo.maven.apache.org/maven2/org/springframework/spring-web/4.3.0.RELEASE/spring-web-4.3.0.RELEASE.pom
2016-12-11 00:22:32,323 [Worker-95] INFO  o.e.m.c.i.e.AbstractTransferListenerAdapter - Downloading https://repo.maven.apache.org/maven2/org/springframework/spring-webmvc/4.3.0.RELEASE/spring-webmvc-4.3.0.RELEASE.jar
2016-12-11 00:22:34,375 [Worker-95] INFO  o.e.m.c.i.e.AbstractTransferListenerAdapter - Downloaded https://repo.maven.apache.org/maven2/org/springframework/spring-webmvc/4.3.0.RELEASE/spring-webmvc-4.3.0.RELEASE.jar
2016-12-11 00:22:34,514 [Worker-95] INFO  o.e.m.c.i.e.AbstractTransferListenerAdapter - Downloading https://repo.maven.apache.org/maven2/org/springframework/spring-aop/4.3.0.RELEASE/spring-aop-4.3.0.RELEASE.jar
2016-12-11 00:22:35,348 [Worker-95] INFO  o.e.m.c.i.e.AbstractTransferListenerAdapter - Downloaded https://repo.maven.apache.org/maven2/org/springframework/spring-aop/4.3.0.RELEASE/spring-aop-4.3.0.RELEASE.jar
2016-12-11 00:22:35,491 [Worker-95] INFO  o.e.m.c.i.e.AbstractTransferListenerAdapter - Downloading https://repo.maven.apache.org/maven2/org/springframework/spring-beans/4.3.0.RELEASE/spring-beans-4.3.0.RELEASE.jar
2016-12-11 00:22:37,158 [Worker-95] INFO  o.e.m.c.i.e.AbstractTransferListenerAdapter - Downloaded https://repo.maven.apache.org/maven2/org/springframework/spring-beans/4.3.0.RELEASE/spring-beans-4.3.0.RELEASE.jar
2016-12-11 00:22:37,314 [Worker-95] INFO  o.e.m.c.i.e.AbstractTransferListenerAdapter - Downloading https://repo.maven.apache.org/maven2/org/springframework/spring-context/4.3.0.RELEASE/spring-context-4.3.0.RELEASE.jar
2016-12-11 00:22:39,689 [Worker-95] INFO  o.e.m.c.i.e.AbstractTransferListenerAdapter - Downloaded https://repo.maven.apache.org/maven2/org/springframework/spring-context/4.3.0.RELEASE/spring-context-4.3.0.RELEASE.jar
2016-12-11 00:22:39,840 [Worker-95] INFO  o.e.m.c.i.e.AbstractTransferListenerAdapter - Downloading https://repo.maven.apache.org/maven2/org/springframework/spring-core/4.3.0.RELEASE/spring-core-4.3.0.RELEASE.jar
2016-12-11 00:22:42,221 [Worker-95] INFO  o.e.m.c.i.e.AbstractTransferListenerAdapter - Downloaded https://repo.maven.apache.org/maven2/org/springframework/spring-core/4.3.0.RELEASE/spring-core-4.3.0.RELEASE.jar
2016-12-11 00:22:42,372 [Worker-95] INFO  o.e.m.c.i.e.AbstractTransferListenerAdapter - Downloading https://repo.maven.apache.org/maven2/org/springframework/spring-expression/4.3.0.RELEASE/spring-expression-4.3.0.RELEASE.jar
2016-12-11 00:22:43,020 [Worker-95] INFO  o.e.m.c.i.e.AbstractTransferListenerAdapter - Downloaded https://repo.maven.apache.org/maven2/org/springframework/spring-expression/4.3.0.RELEASE/spring-expression-4.3.0.RELEASE.jar
2016-12-11 00:22:43,172 [Worker-95] INFO  o.e.m.c.i.e.AbstractTransferListenerAdapter - Downloading https://repo.maven.apache.org/maven2/org/springframework/spring-web/4.3.0.RELEASE/spring-web-4.3.0.RELEASE.jar
2016-12-11 00:22:44,949 [Worker-95] INFO  o.e.m.c.i.e.AbstractTransferListenerAdapter - Downloaded https://repo.maven.apache.org/maven2/org/springframework/spring-web/4.3.0.RELEASE/spring-web-4.3.0.RELEASE.jar
2016-12-11 00:22:45,707 [Worker-95] INFO  o.e.m.j.i.AbstractJavaProjectConfigurator - Adding source folder /brewer/src/main/java
2016-12-11 00:22:45,711 [Worker-95] INFO  o.e.m.j.i.AbstractJavaProjectConfigurator - Adding resource folder /brewer/src/main/resources
2016-12-11 00:22:45,715 [Worker-95] INFO  o.e.m.j.i.AbstractJavaProjectConfigurator - Adding source folder /brewer/src/test/java
2016-12-11 00:22:45,718 [Worker-95] INFO  o.e.m.j.i.AbstractJavaProjectConfigurator - Adding resource folder /brewer/src/test/resources
2016-12-11 00:22:46,041 [Worker-95] INFO  o.e.m.w.i.f.ResourceFilteringBuildParticipant - Cleaning filtered folder for brewer
2016-12-11 00:22:46,069 [Worker-95] INFO  o.e.m.c.i.p.ProjectConfigurationManager - Update completed: 17 sec
2016-12-11 00:42:36,317 [Worker-116] INFO  o.e.m.c.i.e.AbstractTransferListenerAdapter - Downloading https://repo.maven.apache.org/maven2/org/springframework/spring-webmvc/4.3.0.RELEASE/spring-webmvc-4.3.0.RELEASE-sources.jar
2016-12-11 00:42:38,360 [Worker-116] INFO  o.e.m.c.i.e.AbstractTransferListenerAdapter - Downloaded https://repo.maven.apache.org/maven2/org/springframework/spring-webmvc/4.3.0.RELEASE/spring-webmvc-4.3.0.RELEASE-sources.jar
2016-12-11 00:42:38,431 [Worker-116] INFO  o.e.m.j.internal.DownloadSourcesJob - Downloaded sources for org.springframework:spring-webmvc:4.3.0.RELEASE
2016-12-11 01:01:55,720 [Worker-124] INFO  o.e.m.c.i.p.ProjectConfigurationManager - Update started
2016-12-11 01:01:56,001 [Worker-124] INFO  o.e.m.c.i.l.LifecycleMappingFactory - Using org.maven.ide.eclipse.wtp.WarLifecycleMapping lifecycle mapping for MavenProject: com.algaworks:brewer:1.0.0-SNAPSHOT @ C:\Users\Blackout\workspace\desenvolvimento-web-spring\brewer\pom.xml.
2016-12-11 01:01:56,359 [Worker-124] INFO  o.e.m.j.i.AbstractJavaProjectConfigurator - Adding source folder /brewer/src/main/java
2016-12-11 01:01:56,365 [Worker-124] INFO  o.e.m.j.i.AbstractJavaProjectConfigurator - Adding resource folder /brewer/src/main/resources
2016-12-11 01:01:56,370 [Worker-124] INFO  o.e.m.j.i.AbstractJavaProjectConfigurator - Adding source folder /brewer/src/test/java
2016-12-11 01:01:56,370 [Worker-124] INFO  o.e.m.j.i.AbstractJavaProjectConfigurator - Adding resource folder /brewer/src/test/resources
2016-12-11 01:01:56,552 [Worker-124] INFO  o.e.m.w.i.f.ResourceFilteringBuildParticipant - Cleaning filtered folder for brewer
2016-12-11 01:01:56,556 [Worker-124] INFO  o.e.m.c.i.p.ProjectConfigurationManager - Update completed: 0 sec
2016-12-11 01:02:02,027 [Worker-128] INFO  o.e.m.c.i.embedder.EclipseLogger - Using 'UTF-8' encoding to copy filtered resources.
2016-12-11 01:02:02,028 [Worker-128] INFO  o.e.m.c.i.embedder.EclipseLogger - Copying 0 resource
2016-12-11 01:02:02,033 [Worker-128] INFO  o.e.m.c.i.embedder.EclipseLogger - Using 'UTF-8' encoding to copy filtered resources.
2016-12-11 01:02:02,038 [Worker-128] INFO  o.e.m.c.i.embedder.EclipseLogger - Copying 0 resource
2016-12-11 01:02:02,044 [Worker-128] INFO  o.e.m.w.i.f.ResourceFilteringBuildParticipant - Changed resources require a complete clean of filtered resources of brewer
2016-12-11 01:02:02,044 [Worker-128] INFO  o.e.m.w.i.f.ResourceFilteringBuildParticipant - Executing resource filtering for brewer
2016-12-11 01:02:02,051 [Worker-128] INFO  o.e.m.c.i.embedder.EclipseLogger - Using 'UTF-8' encoding to copy filtered resources.
2016-12-11 01:11:45,086 [Worker-130] INFO  o.e.m.c.i.p.ProjectConfigurationManager - Update started
2016-12-11 01:11:45,307 [Worker-130] INFO  o.e.m.c.i.l.LifecycleMappingFactory - Using org.maven.ide.eclipse.wtp.WarLifecycleMapping lifecycle mapping for MavenProject: com.algaworks:brewer:1.0.0-SNAPSHOT @ C:\Users\Blackout\workspace\desenvolvimento-web-spring\brewer\pom.xml.
2016-12-11 01:11:46,181 [Worker-130] INFO  o.e.m.c.i.e.AbstractTransferListenerAdapter - Downloading https://repo.maven.apache.org/maven2/org/thymeleaf/thymeleaf/3.0.0.RELEASE/thymeleaf-3.0.0.RELEASE.pom
2016-12-11 01:11:46,335 [Worker-130] INFO  o.e.m.c.i.e.AbstractTransferListenerAdapter - Downloaded https://repo.maven.apache.org/maven2/org/thymeleaf/thymeleaf/3.0.0.RELEASE/thymeleaf-3.0.0.RELEASE.pom
2016-12-11 01:11:46,475 [Worker-130] INFO  o.e.m.c.i.e.AbstractTransferListenerAdapter - Downloading https://repo.maven.apache.org/maven2/ognl/ognl/3.1.3/ognl-3.1.3.pom
2016-12-11 01:11:46,627 [Worker-130] INFO  o.e.m.c.i.e.AbstractTransferListenerAdapter - Downloaded https://repo.maven.apache.org/maven2/ognl/ognl/3.1.3/ognl-3.1.3.pom
2016-12-11 01:11:46,786 [Worker-130] INFO  o.e.m.c.i.e.AbstractTransferListenerAdapter - Downloading https://repo.maven.apache.org/maven2/org/attoparser/attoparser/2.0.0.RELEASE/attoparser-2.0.0.RELEASE.pom
2016-12-11 01:11:46,944 [Worker-130] INFO  o.e.m.c.i.e.AbstractTransferListenerAdapter - Downloaded https://repo.maven.apache.org/maven2/org/attoparser/attoparser/2.0.0.RELEASE/attoparser-2.0.0.RELEASE.pom
2016-12-11 01:11:47,079 [Worker-130] INFO  o.e.m.c.i.e.AbstractTransferListenerAdapter - Downloading https://repo.maven.apache.org/maven2/org/unbescape/unbescape/1.1.3.RELEASE/unbescape-1.1.3.RELEASE.pom
2016-12-11 01:11:47,239 [Worker-130] INFO  o.e.m.c.i.e.AbstractTransferListenerAdapter - Downloaded https://repo.maven.apache.org/maven2/org/unbescape/unbescape/1.1.3.RELEASE/unbescape-1.1.3.RELEASE.pom
2016-12-11 01:11:47,375 [Worker-130] INFO  o.e.m.c.i.e.AbstractTransferListenerAdapter - Downloading https://repo.maven.apache.org/maven2/org/slf4j/slf4j-api/1.6.6/slf4j-api-1.6.6.pom
2016-12-11 01:11:47,526 [Worker-130] INFO  o.e.m.c.i.e.AbstractTransferListenerAdapter - Downloaded https://repo.maven.apache.org/maven2/org/slf4j/slf4j-api/1.6.6/slf4j-api-1.6.6.pom
2016-12-11 01:11:47,663 [Worker-130] INFO  o.e.m.c.i.e.AbstractTransferListenerAdapter - Downloading https://repo.maven.apache.org/maven2/org/slf4j/slf4j-parent/1.6.6/slf4j-parent-1.6.6.pom
2016-12-11 01:11:47,826 [Worker-130] INFO  o.e.m.c.i.e.AbstractTransferListenerAdapter - Downloaded https://repo.maven.apache.org/maven2/org/slf4j/slf4j-parent/1.6.6/slf4j-parent-1.6.6.pom
2016-12-11 01:11:47,962 [Worker-130] INFO  o.e.m.c.i.e.AbstractTransferListenerAdapter - Downloading https://repo.maven.apache.org/maven2/org/thymeleaf/thymeleaf-spring4/3.0.0.RELEASE/thymeleaf-spring4-3.0.0.RELEASE.pom
2016-12-11 01:11:48,126 [Worker-130] INFO  o.e.m.c.i.e.AbstractTransferListenerAdapter - Downloaded https://repo.maven.apache.org/maven2/org/thymeleaf/thymeleaf-spring4/3.0.0.RELEASE/thymeleaf-spring4-3.0.0.RELEASE.pom
2016-12-11 01:11:48,279 [Worker-130] INFO  o.e.m.c.i.e.AbstractTransferListenerAdapter - Downloading https://repo.maven.apache.org/maven2/org/thymeleaf/thymeleaf/3.0.0.RELEASE/thymeleaf-3.0.0.RELEASE.jar
2016-12-11 01:11:50,134 [Worker-130] INFO  o.e.m.c.i.e.AbstractTransferListenerAdapter - Downloaded https://repo.maven.apache.org/maven2/org/thymeleaf/thymeleaf/3.0.0.RELEASE/thymeleaf-3.0.0.RELEASE.jar
2016-12-11 01:11:50,269 [Worker-130] INFO  o.e.m.c.i.e.AbstractTransferListenerAdapter - Downloading https://repo.maven.apache.org/maven2/ognl/ognl/3.1.3/ognl-3.1.3.jar
2016-12-11 01:11:50,797 [Worker-130] INFO  o.e.m.c.i.e.AbstractTransferListenerAdapter - Downloaded https://repo.maven.apache.org/maven2/ognl/ognl/3.1.3/ognl-3.1.3.jar
2016-12-11 01:11:50,927 [Worker-130] INFO  o.e.m.c.i.e.AbstractTransferListenerAdapter - Downloading https://repo.maven.apache.org/maven2/org/attoparser/attoparser/2.0.0.RELEASE/attoparser-2.0.0.RELEASE.jar
2016-12-11 01:11:51,465 [Worker-130] INFO  o.e.m.c.i.e.AbstractTransferListenerAdapter - Downloaded https://repo.maven.apache.org/maven2/org/attoparser/attoparser/2.0.0.RELEASE/attoparser-2.0.0.RELEASE.jar
2016-12-11 01:11:51,595 [Worker-130] INFO  o.e.m.c.i.e.AbstractTransferListenerAdapter - Downloading https://repo.maven.apache.org/maven2/org/unbescape/unbescape/1.1.3.RELEASE/unbescape-1.1.3.RELEASE.jar
2016-12-11 01:11:51,998 [Worker-130] INFO  o.e.m.c.i.e.AbstractTransferListenerAdapter - Downloaded https://repo.maven.apache.org/maven2/org/unbescape/unbescape/1.1.3.RELEASE/unbescape-1.1.3.RELEASE.jar
2016-12-11 01:11:52,135 [Worker-130] INFO  o.e.m.c.i.e.AbstractTransferListenerAdapter - Downloading https://repo.maven.apache.org/maven2/org/slf4j/slf4j-api/1.6.6/slf4j-api-1.6.6.jar
2016-12-11 01:11:52,337 [Worker-130] INFO  o.e.m.c.i.e.AbstractTransferListenerAdapter - Downloaded https://repo.maven.apache.org/maven2/org/slf4j/slf4j-api/1.6.6/slf4j-api-1.6.6.jar
2016-12-11 01:11:52,475 [Worker-130] INFO  o.e.m.c.i.e.AbstractTransferListenerAdapter - Downloading https://repo.maven.apache.org/maven2/org/thymeleaf/thymeleaf-spring4/3.0.0.RELEASE/thymeleaf-spring4-3.0.0.RELEASE.jar
2016-12-11 01:11:52,760 [Worker-130] INFO  o.e.m.c.i.e.AbstractTransferListenerAdapter - Downloaded https://repo.maven.apache.org/maven2/org/thymeleaf/thymeleaf-spring4/3.0.0.RELEASE/thymeleaf-spring4-3.0.0.RELEASE.jar
2016-12-11 01:11:53,487 [Worker-130] INFO  o.e.m.j.i.AbstractJavaProjectConfigurator - Adding source folder /brewer/src/main/java
2016-12-11 01:11:53,492 [Worker-130] INFO  o.e.m.j.i.AbstractJavaProjectConfigurator - Adding resource folder /brewer/src/main/resources
2016-12-11 01:11:53,498 [Worker-130] INFO  o.e.m.j.i.AbstractJavaProjectConfigurator - Adding source folder /brewer/src/test/java
2016-12-11 01:11:53,502 [Worker-130] INFO  o.e.m.j.i.AbstractJavaProjectConfigurator - Adding resource folder /brewer/src/test/resources
2016-12-11 01:11:53,755 [Worker-130] INFO  o.e.m.w.i.f.ResourceFilteringBuildParticipant - Cleaning filtered folder for brewer
2016-12-11 01:11:53,759 [Worker-130] INFO  o.e.m.c.i.p.ProjectConfigurationManager - Update completed: 8 sec
2016-12-11 11:30:08,819 [Worker-12] INFO  o.e.m.c.i.e.AbstractTransferListenerAdapter - Downloading https://repo.maven.apache.org/maven2/org/springframework/spring-context/4.3.0.RELEASE/spring-context-4.3.0.RELEASE-sources.jar
2016-12-11 11:30:11,205 [Worker-12] INFO  o.e.m.c.i.e.AbstractTransferListenerAdapter - Downloaded https://repo.maven.apache.org/maven2/org/springframework/spring-context/4.3.0.RELEASE/spring-context-4.3.0.RELEASE-sources.jar
2016-12-11 11:30:11,292 [Worker-12] INFO  o.e.m.j.internal.DownloadSourcesJob - Downloaded sources for org.springframework:spring-context:4.3.0.RELEASE
2016-12-11 11:35:10,698 [Worker-4] INFO  o.e.m.c.i.e.AbstractTransferListenerAdapter - Downloading https://repo.maven.apache.org/maven2/org/thymeleaf/thymeleaf/3.0.0.RELEASE/thymeleaf-3.0.0.RELEASE-sources.jar
2016-12-11 11:35:12,638 [Worker-4] INFO  o.e.m.c.i.e.AbstractTransferListenerAdapter - Downloaded https://repo.maven.apache.org/maven2/org/thymeleaf/thymeleaf/3.0.0.RELEASE/thymeleaf-3.0.0.RELEASE-sources.jar
2016-12-11 11:35:12,691 [Worker-4] INFO  o.e.m.j.internal.DownloadSourcesJob - Downloaded sources for org.thymeleaf:thymeleaf:3.0.0.RELEASE
2016-12-11 11:46:20,421 [Worker-25] INFO  o.e.m.c.i.embedder.EclipseLogger - Using 'UTF-8' encoding to copy filtered resources.
2016-12-11 11:46:20,425 [Worker-25] INFO  o.e.m.c.i.embedder.EclipseLogger - Copying 1 resource
2016-12-11 11:46:20,434 [Worker-25] INFO  o.e.m.c.i.embedder.EclipseLogger - Using 'UTF-8' encoding to copy filtered resources.
2016-12-11 11:46:20,435 [Worker-25] INFO  o.e.m.c.i.embedder.EclipseLogger - Copying 0 resource
2016-12-11 11:46:20,437 [Worker-25] INFO  o.e.m.w.i.f.ResourceFilteringBuildParticipant - Changed resources require a complete clean of filtered resources of brewer
2016-12-11 11:46:20,438 [Worker-25] INFO  o.e.m.w.i.f.ResourceFilteringBuildParticipant - Executing resource filtering for brewer
2016-12-11 11:46:20,518 [Worker-25] INFO  o.e.m.c.i.embedder.EclipseLogger - Using 'UTF-8' encoding to copy filtered resources.
2016-12-11 11:59:50,225 [Worker-31] INFO  o.e.m.w.i.f.ResourceFilteringBuildParticipant - Cleaning filtered folder for brewer
2016-12-11 11:59:50,304 [Worker-22] INFO  o.e.m.c.i.embedder.EclipseLogger - Using 'UTF-8' encoding to copy filtered resources.
2016-12-11 11:59:50,305 [Worker-22] INFO  o.e.m.c.i.embedder.EclipseLogger - Copying 2 resources
2016-12-11 11:59:50,321 [Worker-22] INFO  o.e.m.c.i.embedder.EclipseLogger - Using 'UTF-8' encoding to copy filtered resources.
2016-12-11 11:59:50,321 [Worker-22] INFO  o.e.m.c.i.embedder.EclipseLogger - Copying 0 resource
2016-12-11 11:59:50,322 [Worker-22] INFO  o.e.m.w.i.f.ResourceFilteringBuildParticipant - Changed resources require a complete clean of filtered resources of brewer
2016-12-11 11:59:50,322 [Worker-22] INFO  o.e.m.w.i.f.ResourceFilteringBuildParticipant - Executing resource filtering for brewer
2016-12-11 11:59:50,337 [Worker-22] INFO  o.e.m.c.i.embedder.EclipseLogger - Using 'UTF-8' encoding to copy filtered resources.
2016-12-11 12:08:26,371 [Worker-35] INFO  o.e.m.w.i.f.ResourceFilteringBuildParticipant - Cleaning filtered folder for brewer
2016-12-11 12:08:26,443 [Worker-37] INFO  o.e.m.c.i.embedder.EclipseLogger - Using 'UTF-8' encoding to copy filtered resources.
2016-12-11 12:08:26,444 [Worker-37] INFO  o.e.m.c.i.embedder.EclipseLogger - Copying 2 resources
2016-12-11 12:08:26,456 [Worker-37] INFO  o.e.m.c.i.embedder.EclipseLogger - Using 'UTF-8' encoding to copy filtered resources.
2016-12-11 12:08:26,457 [Worker-37] INFO  o.e.m.c.i.embedder.EclipseLogger - Copying 0 resource
2016-12-11 12:08:26,462 [Worker-37] INFO  o.e.m.w.i.f.ResourceFilteringBuildParticipant - Changed resources require a complete clean of filtered resources of brewer
2016-12-11 12:08:26,462 [Worker-37] INFO  o.e.m.w.i.f.ResourceFilteringBuildParticipant - Executing resource filtering for brewer
2016-12-11 12:08:26,476 [Worker-37] INFO  o.e.m.c.i.embedder.EclipseLogger - Using 'UTF-8' encoding to copy filtered resources.
2016-12-11 12:10:09,907 [Worker-35] INFO  o.e.m.c.i.embedder.EclipseLogger - Using 'UTF-8' encoding to copy filtered resources.
2016-12-11 12:10:09,911 [Worker-35] INFO  o.e.m.c.i.embedder.EclipseLogger - Copying 2 resources
2016-12-11 12:10:09,912 [Worker-35] INFO  o.e.m.c.i.embedder.EclipseLogger - Using 'UTF-8' encoding to copy filtered resources.
2016-12-11 12:10:09,916 [Worker-35] INFO  o.e.m.c.i.embedder.EclipseLogger - Copying 0 resource
2016-12-11 12:15:00,814 [Worker-37] INFO  o.e.m.w.i.f.ResourceFilteringBuildParticipant - Cleaning filtered folder for brewer
2016-12-11 12:15:00,996 [Worker-23] INFO  o.e.m.c.i.embedder.EclipseLogger - Using 'UTF-8' encoding to copy filtered resources.
2016-12-11 12:15:01,002 [Worker-23] INFO  o.e.m.c.i.embedder.EclipseLogger - Copying 2 resources
2016-12-11 12:15:01,014 [Worker-23] INFO  o.e.m.c.i.embedder.EclipseLogger - Using 'UTF-8' encoding to copy filtered resources.
2016-12-11 12:15:01,014 [Worker-23] INFO  o.e.m.c.i.embedder.EclipseLogger - Copying 0 resource
2016-12-11 12:15:01,020 [Worker-23] INFO  o.e.m.w.i.f.ResourceFilteringBuildParticipant - Changed resources require a complete clean of filtered resources of brewer
2016-12-11 12:15:01,020 [Worker-23] INFO  o.e.m.w.i.f.ResourceFilteringBuildParticipant - Executing resource filtering for brewer
2016-12-11 12:15:01,030 [Worker-23] INFO  o.e.m.c.i.embedder.EclipseLogger - Using 'UTF-8' encoding to copy filtered resources.
2016-12-11 12:17:57,446 [Worker-51] INFO  o.e.m.c.i.embedder.EclipseLogger - Using 'UTF-8' encoding to copy filtered resources.
2016-12-11 12:17:57,447 [Worker-51] INFO  o.e.m.c.i.embedder.EclipseLogger - Copying 2 resources
2016-12-11 12:17:57,449 [Worker-51] INFO  o.e.m.c.i.embedder.EclipseLogger - Using 'UTF-8' encoding to copy filtered resources.
2016-12-11 12:17:57,449 [Worker-51] INFO  o.e.m.c.i.embedder.EclipseLogger - Copying 0 resource
2016-12-11 12:18:02,201 [Worker-52] INFO  o.e.m.c.i.embedder.EclipseLogger - Using 'UTF-8' encoding to copy filtered resources.
2016-12-11 12:18:02,201 [Worker-52] INFO  o.e.m.c.i.embedder.EclipseLogger - Copying 2 resources
2016-12-11 12:18:02,202 [Worker-52] INFO  o.e.m.c.i.embedder.EclipseLogger - Using 'UTF-8' encoding to copy filtered resources.
2016-12-11 12:18:02,206 [Worker-52] INFO  o.e.m.c.i.embedder.EclipseLogger - Copying 0 resource
2016-12-11 12:18:16,456 [Worker-53] INFO  o.e.m.c.i.embedder.EclipseLogger - Using 'UTF-8' encoding to copy filtered resources.
2016-12-11 12:18:16,461 [Worker-53] INFO  o.e.m.c.i.embedder.EclipseLogger - Copying 2 resources
2016-12-11 12:18:16,467 [Worker-53] INFO  o.e.m.c.i.embedder.EclipseLogger - Using 'UTF-8' encoding to copy filtered resources.
2016-12-11 12:18:16,470 [Worker-53] INFO  o.e.m.c.i.embedder.EclipseLogger - Copying 0 resource
2016-12-11 12:22:34,700 [Worker-58] INFO  o.e.m.c.i.embedder.EclipseLogger - Using 'UTF-8' encoding to copy filtered resources.
2016-12-11 12:22:34,700 [Worker-58] INFO  o.e.m.c.i.embedder.EclipseLogger - Copying 2 resources
2016-12-11 12:22:34,701 [Worker-58] INFO  o.e.m.c.i.embedder.EclipseLogger - Using 'UTF-8' encoding to copy filtered resources.
2016-12-11 12:22:34,704 [Worker-58] INFO  o.e.m.c.i.embedder.EclipseLogger - Copying 0 resource
2016-12-11 12:23:02,837 [Worker-63] INFO  o.e.m.c.i.embedder.EclipseLogger - Using 'UTF-8' encoding to copy filtered resources.
2016-12-11 12:23:02,842 [Worker-63] INFO  o.e.m.c.i.embedder.EclipseLogger - Copying 1 resource
2016-12-11 12:23:02,848 [Worker-63] INFO  o.e.m.c.i.embedder.EclipseLogger - Using 'UTF-8' encoding to copy filtered resources.
2016-12-11 12:23:02,851 [Worker-63] INFO  o.e.m.c.i.embedder.EclipseLogger - Copying 0 resource
2016-12-11 12:24:27,562 [Worker-60] INFO  o.e.m.c.i.embedder.EclipseLogger - Using 'UTF-8' encoding to copy filtered resources.
2016-12-11 12:24:27,562 [Worker-60] INFO  o.e.m.c.i.embedder.EclipseLogger - Copying 2 resources
2016-12-11 12:24:27,564 [Worker-60] INFO  o.e.m.c.i.embedder.EclipseLogger - Using 'UTF-8' encoding to copy filtered resources.
2016-12-11 12:24:27,568 [Worker-60] INFO  o.e.m.c.i.embedder.EclipseLogger - Copying 0 resource
2016-12-11 12:25:01,237 [Worker-53] INFO  o.e.m.c.i.embedder.EclipseLogger - Using 'UTF-8' encoding to copy filtered resources.
2016-12-11 12:25:01,243 [Worker-53] INFO  o.e.m.c.i.embedder.EclipseLogger - Copying 2 resources
2016-12-11 12:25:01,249 [Worker-53] INFO  o.e.m.c.i.embedder.EclipseLogger - Using 'UTF-8' encoding to copy filtered resources.
2016-12-11 12:25:01,253 [Worker-53] INFO  o.e.m.c.i.embedder.EclipseLogger - Copying 0 resource
2016-12-11 12:25:21,676 [Worker-63] INFO  o.e.m.c.i.embedder.EclipseLogger - Using 'UTF-8' encoding to copy filtered resources.
2016-12-11 12:25:21,676 [Worker-63] INFO  o.e.m.c.i.embedder.EclipseLogger - Copying 2 resources
2016-12-11 12:25:21,677 [Worker-63] INFO  o.e.m.c.i.embedder.EclipseLogger - Using 'UTF-8' encoding to copy filtered resources.
2016-12-11 12:25:21,681 [Worker-63] INFO  o.e.m.c.i.embedder.EclipseLogger - Copying 0 resource
2016-12-11 12:41:30,539 [Worker-70] INFO  o.e.m.c.i.l.LifecycleMappingFactory - Using org.maven.ide.eclipse.wtp.WarLifecycleMapping lifecycle mapping for MavenProject: com.algaworks:brewer:1.0.0-SNAPSHOT @ C:\Users\Blackout\workspace\desenvolvimento-web-spring\brewer\pom.xml.
2016-12-11 12:41:32,155 [Worker-70] INFO  o.e.m.c.i.e.AbstractTransferListenerAdapter - Downloading https://repo.maven.apache.org/maven2/org/jboss/logging/jboss-logging/3.2.1.Final/jboss-logging-3.2.1.Final.pom
2016-12-11 12:41:32,389 [Worker-70] INFO  o.e.m.c.i.e.AbstractTransferListenerAdapter - Downloaded https://repo.maven.apache.org/maven2/org/jboss/logging/jboss-logging/3.2.1.Final/jboss-logging-3.2.1.Final.pom
2016-12-11 12:41:32,658 [Worker-70] INFO  o.e.m.c.i.e.AbstractTransferListenerAdapter - Downloading https://repo.maven.apache.org/maven2/org/jboss/logging/jboss-logging/3.2.1.Final/jboss-logging-3.2.1.Final.jar
2016-12-11 12:41:33,334 [Worker-70] INFO  o.e.m.c.i.e.AbstractTransferListenerAdapter - Downloaded https://repo.maven.apache.org/maven2/org/jboss/logging/jboss-logging/3.2.1.Final/jboss-logging-3.2.1.Final.jar
2016-12-11 12:41:33,861 [Worker-70] INFO  o.e.m.c.i.embedder.EclipseLogger - Using 'UTF-8' encoding to copy filtered resources.
2016-12-11 12:41:33,866 [Worker-70] INFO  o.e.m.c.i.embedder.EclipseLogger - Copying 0 resource
2016-12-11 12:41:33,870 [Worker-70] INFO  o.e.m.c.i.embedder.EclipseLogger - Using 'UTF-8' encoding to copy filtered resources.
2016-12-11 12:41:33,871 [Worker-70] INFO  o.e.m.c.i.embedder.EclipseLogger - Copying 0 resource
2016-12-11 12:41:33,876 [Worker-70] INFO  o.e.m.w.i.f.ResourceFilteringBuildParticipant - Changed resources require a complete clean of filtered resources of brewer
2016-12-11 12:41:33,876 [Worker-70] INFO  o.e.m.w.i.f.ResourceFilteringBuildParticipant - Executing resource filtering for brewer
2016-12-11 12:41:33,884 [Worker-70] INFO  o.e.m.c.i.embedder.EclipseLogger - Using 'UTF-8' encoding to copy filtered resources.
2016-12-11 12:41:35,047 [Worker-71] INFO  o.e.m.c.i.embedder.EclipseLogger - Using 'UTF-8' encoding to copy filtered resources.
2016-12-11 12:41:35,048 [Worker-71] INFO  o.e.m.c.i.embedder.EclipseLogger - Copying 2 resources
2016-12-11 12:41:35,063 [Worker-71] INFO  o.e.m.c.i.embedder.EclipseLogger - Using 'UTF-8' encoding to copy filtered resources.
2016-12-11 12:41:35,066 [Worker-71] INFO  o.e.m.c.i.embedder.EclipseLogger - Copying 0 resource
2016-12-11 12:41:44,479 [Worker-74] INFO  o.e.m.c.i.p.ProjectConfigurationManager - Update started
2016-12-11 12:41:44,737 [Worker-74] INFO  o.e.m.c.i.l.LifecycleMappingFactory - Using org.maven.ide.eclipse.wtp.WarLifecycleMapping lifecycle mapping for MavenProject: com.algaworks:brewer:1.0.0-SNAPSHOT @ C:\Users\Blackout\workspace\desenvolvimento-web-spring\brewer\pom.xml.
2016-12-11 12:41:45,294 [Worker-74] INFO  o.e.m.j.i.AbstractJavaProjectConfigurator - Adding source folder /brewer/src/main/java
2016-12-11 12:41:45,298 [Worker-74] INFO  o.e.m.j.i.AbstractJavaProjectConfigurator - Adding resource folder /brewer/src/main/resources
2016-12-11 12:41:45,302 [Worker-74] INFO  o.e.m.j.i.AbstractJavaProjectConfigurator - Adding source folder /brewer/src/test/java
2016-12-11 12:41:45,306 [Worker-74] INFO  o.e.m.j.i.AbstractJavaProjectConfigurator - Adding resource folder /brewer/src/test/resources
2016-12-11 12:41:45,857 [Worker-74] INFO  o.e.m.w.i.f.ResourceFilteringBuildParticipant - Cleaning filtered folder for brewer
2016-12-11 12:41:45,866 [Worker-74] INFO  o.e.m.c.i.p.ProjectConfigurationManager - Update completed: 1 sec
2016-12-11 12:41:46,095 [Worker-73] INFO  o.e.m.c.i.embedder.EclipseLogger - Using 'UTF-8' encoding to copy filtered resources.
2016-12-11 12:41:46,095 [Worker-73] INFO  o.e.m.c.i.embedder.EclipseLogger - Copying 2 resources
2016-12-11 12:41:46,113 [Worker-73] INFO  o.e.m.c.i.embedder.EclipseLogger - Using 'UTF-8' encoding to copy filtered resources.
2016-12-11 12:41:46,118 [Worker-73] INFO  o.e.m.c.i.embedder.EclipseLogger - Copying 0 resource
2016-12-11 12:41:46,119 [Worker-73] INFO  o.e.m.w.i.f.ResourceFilteringBuildParticipant - Changed resources require a complete clean of filtered resources of brewer
2016-12-11 12:41:46,119 [Worker-73] INFO  o.e.m.w.i.f.ResourceFilteringBuildParticipant - Executing resource filtering for brewer
2016-12-11 12:41:46,123 [Worker-73] INFO  o.e.m.c.i.embedder.EclipseLogger - Using 'UTF-8' encoding to copy filtered resources.
2016-12-11 12:44:37,195 [Worker-78] INFO  o.e.m.c.i.l.LifecycleMappingFactory - Using org.maven.ide.eclipse.wtp.WarLifecycleMapping lifecycle mapping for MavenProject: com.algaworks:brewer:1.0.0-SNAPSHOT @ C:\Users\Blackout\workspace\desenvolvimento-web-spring\brewer\pom.xml.
2016-12-11 12:44:37,599 [Worker-78] INFO  o.e.m.c.i.embedder.EclipseLogger - Using 'UTF-8' encoding to copy filtered resources.
2016-12-11 12:44:37,600 [Worker-78] INFO  o.e.m.c.i.embedder.EclipseLogger - Copying 0 resource
2016-12-11 12:44:37,601 [Worker-78] INFO  o.e.m.c.i.embedder.EclipseLogger - Using 'UTF-8' encoding to copy filtered resources.
2016-12-11 12:44:37,602 [Worker-78] INFO  o.e.m.c.i.embedder.EclipseLogger - Copying 0 resource
2016-12-11 12:44:37,602 [Worker-78] INFO  o.e.m.w.i.f.ResourceFilteringBuildParticipant - Changed resources require a complete clean of filtered resources of brewer
2016-12-11 12:44:37,602 [Worker-78] INFO  o.e.m.w.i.f.ResourceFilteringBuildParticipant - Executing resource filtering for brewer
2016-12-11 12:44:37,605 [Worker-78] INFO  o.e.m.c.i.embedder.EclipseLogger - Using 'UTF-8' encoding to copy filtered resources.
2016-12-11 12:44:46,809 [Worker-73] INFO  o.e.m.c.i.p.ProjectConfigurationManager - Update started
2016-12-11 12:44:47,006 [Worker-73] INFO  o.e.m.c.i.l.LifecycleMappingFactory - Using org.maven.ide.eclipse.wtp.WarLifecycleMapping lifecycle mapping for MavenProject: com.algaworks:brewer:1.0.0-SNAPSHOT @ C:\Users\Blackout\workspace\desenvolvimento-web-spring\brewer\pom.xml.
2016-12-11 12:44:47,356 [Worker-73] INFO  o.e.m.j.i.AbstractJavaProjectConfigurator - Adding source folder /brewer/src/main/java
2016-12-11 12:44:47,359 [Worker-73] INFO  o.e.m.j.i.AbstractJavaProjectConfigurator - Adding resource folder /brewer/src/main/resources
2016-12-11 12:44:47,363 [Worker-73] INFO  o.e.m.j.i.AbstractJavaProjectConfigurator - Adding source folder /brewer/src/test/java
2016-12-11 12:44:47,363 [Worker-73] INFO  o.e.m.j.i.AbstractJavaProjectConfigurator - Adding resource folder /brewer/src/test/resources
2016-12-11 12:44:47,662 [Worker-73] INFO  o.e.m.w.i.f.ResourceFilteringBuildParticipant - Cleaning filtered folder for brewer
2016-12-11 12:44:47,668 [Worker-73] INFO  o.e.m.c.i.p.ProjectConfigurationManager - Update completed: 0 sec
2016-12-11 12:44:47,895 [Worker-73] INFO  o.e.m.c.i.embedder.EclipseLogger - Using 'UTF-8' encoding to copy filtered resources.
2016-12-11 12:44:47,896 [Worker-73] INFO  o.e.m.c.i.embedder.EclipseLogger - Copying 2 resources
2016-12-11 12:44:47,906 [Worker-73] INFO  o.e.m.c.i.embedder.EclipseLogger - Using 'UTF-8' encoding to copy filtered resources.
2016-12-11 12:44:47,907 [Worker-73] INFO  o.e.m.c.i.embedder.EclipseLogger - Copying 0 resource
2016-12-11 12:44:47,910 [Worker-73] INFO  o.e.m.w.i.f.ResourceFilteringBuildParticipant - Changed resources require a complete clean of filtered resources of brewer
2016-12-11 12:44:47,910 [Worker-73] INFO  o.e.m.w.i.f.ResourceFilteringBuildParticipant - Executing resource filtering for brewer
2016-12-11 12:44:47,914 [Worker-73] INFO  o.e.m.c.i.embedder.EclipseLogger - Using 'UTF-8' encoding to copy filtered resources.
2016-12-11 12:46:19,549 [Worker-68] INFO  o.e.m.c.i.embedder.EclipseLogger - Using 'UTF-8' encoding to copy filtered resources.
2016-12-11 12:46:19,554 [Worker-68] INFO  o.e.m.c.i.embedder.EclipseLogger - Copying 2 resources
2016-12-11 12:46:19,558 [Worker-68] INFO  o.e.m.c.i.embedder.EclipseLogger - Using 'UTF-8' encoding to copy filtered resources.
2016-12-11 12:46:19,561 [Worker-68] INFO  o.e.m.c.i.embedder.EclipseLogger - Copying 0 resource
2016-12-11 12:46:53,150 [Worker-78] INFO  o.e.m.c.i.embedder.EclipseLogger - Using 'UTF-8' encoding to copy filtered resources.
2016-12-11 12:46:53,156 [Worker-78] INFO  o.e.m.c.i.embedder.EclipseLogger - Copying 2 resources
2016-12-11 12:46:53,160 [Worker-78] INFO  o.e.m.c.i.embedder.EclipseLogger - Using 'UTF-8' encoding to copy filtered resources.
2016-12-11 12:46:53,163 [Worker-78] INFO  o.e.m.c.i.embedder.EclipseLogger - Copying 0 resource
2016-12-11 12:47:22,719 [Worker-82] INFO  o.e.m.c.i.embedder.EclipseLogger - Using 'UTF-8' encoding to copy filtered resources.
2016-12-11 12:47:22,723 [Worker-82] INFO  o.e.m.c.i.embedder.EclipseLogger - Copying 2 resources
2016-12-11 12:47:22,728 [Worker-82] INFO  o.e.m.c.i.embedder.EclipseLogger - Using 'UTF-8' encoding to copy filtered resources.
2016-12-11 12:47:22,732 [Worker-82] INFO  o.e.m.c.i.embedder.EclipseLogger - Copying 0 resource
2016-12-11 12:47:59,737 [Worker-79] INFO  o.e.m.c.i.embedder.EclipseLogger - Using 'UTF-8' encoding to copy filtered resources.
2016-12-11 12:47:59,741 [Worker-79] INFO  o.e.m.c.i.embedder.EclipseLogger - Copying 2 resources
2016-12-11 12:47:59,745 [Worker-79] INFO  o.e.m.c.i.embedder.EclipseLogger - Using 'UTF-8' encoding to copy filtered resources.
2016-12-11 12:47:59,748 [Worker-79] INFO  o.e.m.c.i.embedder.EclipseLogger - Copying 0 resource
2016-12-11 12:48:12,430 [Worker-85] INFO  o.e.m.c.i.embedder.EclipseLogger - Using 'UTF-8' encoding to copy filtered resources.
2016-12-11 12:48:12,434 [Worker-85] INFO  o.e.m.c.i.embedder.EclipseLogger - Copying 2 resources
2016-12-11 12:48:12,440 [Worker-85] INFO  o.e.m.c.i.embedder.EclipseLogger - Using 'UTF-8' encoding to copy filtered resources.
2016-12-11 12:48:12,443 [Worker-85] INFO  o.e.m.c.i.embedder.EclipseLogger - Copying 0 resource
2016-12-11 12:51:00,269 [Worker-82] INFO  o.e.m.c.i.embedder.EclipseLogger - Using 'UTF-8' encoding to copy filtered resources.
2016-12-11 12:51:00,273 [Worker-82] INFO  o.e.m.c.i.embedder.EclipseLogger - Copying 2 resources
2016-12-11 12:51:00,277 [Worker-82] INFO  o.e.m.c.i.embedder.EclipseLogger - Using 'UTF-8' encoding to copy filtered resources.
2016-12-11 12:51:00,280 [Worker-82] INFO  o.e.m.c.i.embedder.EclipseLogger - Copying 0 resource
2016-12-11 13:05:28,598 [Worker-88] INFO  o.e.m.c.i.embedder.EclipseLogger - Using 'UTF-8' encoding to copy filtered resources.
2016-12-11 13:05:28,602 [Worker-88] INFO  o.e.m.c.i.embedder.EclipseLogger - Copying 2 resources
2016-12-11 13:05:28,608 [Worker-88] INFO  o.e.m.c.i.embedder.EclipseLogger - Using 'UTF-8' encoding to copy filtered resources.
2016-12-11 13:05:28,612 [Worker-88] INFO  o.e.m.c.i.embedder.EclipseLogger - Copying 0 resource
2016-12-11 13:08:15,592 [Worker-88] INFO  o.e.m.c.i.embedder.EclipseLogger - Using 'UTF-8' encoding to copy filtered resources.
2016-12-11 13:08:15,593 [Worker-88] INFO  o.e.m.c.i.embedder.EclipseLogger - Copying 1 resource
2016-12-11 13:08:15,598 [Worker-88] INFO  o.e.m.c.i.embedder.EclipseLogger - Using 'UTF-8' encoding to copy filtered resources.
2016-12-11 13:08:15,602 [Worker-88] INFO  o.e.m.c.i.embedder.EclipseLogger - Copying 0 resource
2016-12-11 13:08:50,854 [Worker-93] INFO  o.e.m.c.i.embedder.EclipseLogger - Using 'UTF-8' encoding to copy filtered resources.
2016-12-11 13:08:50,858 [Worker-93] INFO  o.e.m.c.i.embedder.EclipseLogger - Copying 1 resource
2016-12-11 13:08:50,863 [Worker-93] INFO  o.e.m.c.i.embedder.EclipseLogger - Using 'UTF-8' encoding to copy filtered resources.
2016-12-11 13:08:50,867 [Worker-93] INFO  o.e.m.c.i.embedder.EclipseLogger - Copying 0 resource
2016-12-11 13:09:42,363 [Worker-88] INFO  o.e.m.c.i.embedder.EclipseLogger - Using 'UTF-8' encoding to copy filtered resources.
2016-12-11 13:09:42,367 [Worker-88] INFO  o.e.m.c.i.embedder.EclipseLogger - Copying 1 resource
2016-12-11 13:09:42,374 [Worker-88] INFO  o.e.m.c.i.embedder.EclipseLogger - Using 'UTF-8' encoding to copy filtered resources.
2016-12-11 13:09:42,378 [Worker-88] INFO  o.e.m.c.i.embedder.EclipseLogger - Copying 0 resource
2016-12-11 13:10:22,487 [Worker-99] INFO  o.e.m.c.i.embedder.EclipseLogger - Using 'UTF-8' encoding to copy filtered resources.
2016-12-11 13:10:22,491 [Worker-99] INFO  o.e.m.c.i.embedder.EclipseLogger - Copying 2 resources
2016-12-11 13:10:22,495 [Worker-99] INFO  o.e.m.c.i.embedder.EclipseLogger - Using 'UTF-8' encoding to copy filtered resources.
2016-12-11 13:10:22,498 [Worker-99] INFO  o.e.m.c.i.embedder.EclipseLogger - Copying 0 resource
2016-12-11 13:10:35,400 [Worker-98] INFO  o.e.m.c.i.embedder.EclipseLogger - Using 'UTF-8' encoding to copy filtered resources.
2016-12-11 13:10:35,406 [Worker-98] INFO  o.e.m.c.i.embedder.EclipseLogger - Copying 2 resources
2016-12-11 13:10:35,410 [Worker-98] INFO  o.e.m.c.i.embedder.EclipseLogger - Using 'UTF-8' encoding to copy filtered resources.
2016-12-11 13:10:35,414 [Worker-98] INFO  o.e.m.c.i.embedder.EclipseLogger - Copying 0 resource
2016-12-11 13:11:11,291 [Worker-97] INFO  o.e.m.c.i.embedder.EclipseLogger - Using 'UTF-8' encoding to copy filtered resources.
2016-12-11 13:11:11,295 [Worker-97] INFO  o.e.m.c.i.embedder.EclipseLogger - Copying 2 resources
2016-12-11 13:11:11,299 [Worker-97] INFO  o.e.m.c.i.embedder.EclipseLogger - Using 'UTF-8' encoding to copy filtered resources.
2016-12-11 13:11:11,303 [Worker-97] INFO  o.e.m.c.i.embedder.EclipseLogger - Copying 0 resource
2016-12-11 13:11:24,982 [Worker-93] INFO  o.e.m.c.i.embedder.EclipseLogger - Using 'UTF-8' encoding to copy filtered resources.
2016-12-11 13:11:24,985 [Worker-93] INFO  o.e.m.c.i.embedder.EclipseLogger - Copying 1 resource
2016-12-11 13:11:24,993 [Worker-93] INFO  o.e.m.c.i.embedder.EclipseLogger - Using 'UTF-8' encoding to copy filtered resources.
2016-12-11 13:11:24,997 [Worker-93] INFO  o.e.m.c.i.embedder.EclipseLogger - Copying 0 resource
2016-12-11 13:11:36,657 [Worker-94] INFO  o.e.m.c.i.embedder.EclipseLogger - Using 'UTF-8' encoding to copy filtered resources.
2016-12-11 13:11:36,661 [Worker-94] INFO  o.e.m.c.i.embedder.EclipseLogger - Copying 1 resource
2016-12-11 13:11:36,666 [Worker-94] INFO  o.e.m.c.i.embedder.EclipseLogger - Using 'UTF-8' encoding to copy filtered resources.
2016-12-11 13:11:36,669 [Worker-94] INFO  o.e.m.c.i.embedder.EclipseLogger - Copying 0 resource
2016-12-11 13:13:51,142 [Worker-92] INFO  o.e.m.c.i.embedder.EclipseLogger - Using 'UTF-8' encoding to copy filtered resources.
2016-12-11 13:13:51,146 [Worker-92] INFO  o.e.m.c.i.embedder.EclipseLogger - Copying 2 resources
2016-12-11 13:13:51,149 [Worker-92] INFO  o.e.m.c.i.embedder.EclipseLogger - Using 'UTF-8' encoding to copy filtered resources.
2016-12-11 13:13:51,152 [Worker-92] INFO  o.e.m.c.i.embedder.EclipseLogger - Copying 0 resource
2016-12-11 13:14:42,720 [Worker-104] INFO  o.e.m.c.i.embedder.EclipseLogger - Using 'UTF-8' encoding to copy filtered resources.
2016-12-11 13:14:42,724 [Worker-104] INFO  o.e.m.c.i.embedder.EclipseLogger - Copying 2 resources
2016-12-11 13:14:42,728 [Worker-104] INFO  o.e.m.c.i.embedder.EclipseLogger - Using 'UTF-8' encoding to copy filtered resources.
2016-12-11 13:14:42,731 [Worker-104] INFO  o.e.m.c.i.embedder.EclipseLogger - Copying 0 resource
2016-12-11 13:19:46,609 [Worker-109] INFO  o.e.m.c.i.embedder.EclipseLogger - Using 'UTF-8' encoding to copy filtered resources.
2016-12-11 13:19:46,612 [Worker-109] INFO  o.e.m.c.i.embedder.EclipseLogger - Copying 1 resource
2016-12-11 13:19:46,618 [Worker-109] INFO  o.e.m.c.i.embedder.EclipseLogger - Using 'UTF-8' encoding to copy filtered resources.
2016-12-11 13:19:46,621 [Worker-109] INFO  o.e.m.c.i.embedder.EclipseLogger - Copying 0 resource
2016-12-18 14:22:24,443 [Worker-9] INFO  o.e.m.c.i.embedder.EclipseLogger - Using 'UTF-8' encoding to copy filtered resources.
2016-12-18 14:22:24,449 [Worker-9] INFO  o.e.m.c.i.embedder.EclipseLogger - Copying 2 resources
2016-12-18 14:22:24,457 [Worker-9] INFO  o.e.m.c.i.embedder.EclipseLogger - Using 'UTF-8' encoding to copy filtered resources.
2016-12-18 14:22:24,458 [Worker-9] INFO  o.e.m.c.i.embedder.EclipseLogger - Copying 0 resource
